<?xml version="1.0" encoding="UTF-8"?>
<!-- Generated by org.testng.reporters.JUnitXMLReporter -->
<testsuite hostname="Deepak-PC" ignored="0" name="Sample Test" tests="6" failures="2" timestamp="2020-02-20T02:32:53 IST" time="0.185" errors="0">
  <testcase name="Test1" time="0.024" classname="listeners.TestNGLIstnersDemo"/>
  <testcase name="Test2" time="0.01" classname="listeners.TestNGLIstnersDemo">
    <failure type="java.lang.AssertionError" message="did not expect to find [true] but found [false]">
      <![CDATA[java.lang.AssertionError: did not expect to find [true] but found [false]
at listeners.TestNGLIstnersDemo.Test2(TestNGLIstnersDemo.java:20)
at java.util.ArrayList.forEach(Unknown Source)
... Removed 31 stack frames]]>
    </failure>
  </testcase> <!-- Test2 -->
  <testcase name="Test3" time="0.003" classname="listeners.TestNGLIstnersDemo"/>
  <testcase name="Test4" time="0.003" classname="listeners.TestNGLIstnersDemo2"/>
  <testcase name="Test5" time="0.002" classname="listeners.TestNGLIstnersDemo2">
    <failure type="java.lang.AssertionError" message="did not expect to find [true] but found [false]">
      <![CDATA[java.lang.AssertionError: did not expect to find [true] but found [false]
at listeners.TestNGLIstnersDemo2.Test5(TestNGLIstnersDemo2.java:20)
at java.util.ArrayList.forEach(Unknown Source)
... Removed 31 stack frames]]>
    </failure>
  </testcase> <!-- Test5 -->
  <testcase name="Test6" time="0.007" classname="listeners.TestNGLIstnersDemo2"/>
</testsuite> <!-- Sample Test -->
