<?xml version="1.0" encoding="UTF-8"?>
<!-- Generated by org.testng.reporters.JUnitXMLReporter -->
<testsuite hostname="Deepak-PC" ignored="0" name="IETest(failed)" tests="1" failures="0" timestamp="2020-01-31T00:07:31 IST" time="1.388" errors="0">
  <testcase name="@BeforeTest multiBrowserSetup" time="1.24" classname="com.maventestjenkins.ParallelExecutionMultiBrowserTwo">
    <failure type="io.github.bonigarcia.wdm.WebDriverManagerException" message="java.net.UnknownHostException: selenium-release.storage.googleapis.com">
      <![CDATA[io.github.bonigarcia.wdm.WebDriverManagerException: java.net.UnknownHostException: selenium-release.storage.googleapis.com
at io.github.bonigarcia.wdm.WebDriverManager.handleException(WebDriverManager.java:754)
at io.github.bonigarcia.wdm.WebDriverManager.manage(WebDriverManager.java:563)
at io.github.bonigarcia.wdm.WebDriverManager.handleException(WebDriverManager.java:751)
at io.github.bonigarcia.wdm.WebDriverManager.manage(WebDriverManager.java:563)
at io.github.bonigarcia.wdm.WebDriverManager.setup(WebDriverManager.java:260)
at com.maventestjenkins.ParallelExecutionMultiBrowserTwo.multiBrowserSetup(ParallelExecutionMultiBrowserTwo.java:33)
at java.util.concurrent.FutureTask.run(Unknown Source)
at java.util.concurrent.ThreadPoolExecutor.runWorker(Unknown Source)
at java.util.concurrent.ThreadPoolExecutor$Worker.run(Unknown Source)
at java.lang.Thread.run(Unknown Source)
Caused by: java.net.UnknownHostException: selenium-release.storage.googleapis.com
at java.net.InetAddress.getAllByName0(Unknown Source)
at java.net.InetAddress.getAllByName(Unknown Source)
at java.net.InetAddress.getAllByName(Unknown Source)
at org.apache.http.impl.conn.SystemDefaultDnsResolver.resolve(SystemDefaultDnsResolver.java:45)
at org.apache.http.impl.conn.DefaultHttpClientConnectionOperator.connect(DefaultHttpClientConnectionOperator.java:112)
at org.apache.http.impl.conn.PoolingHttpClientConnectionManager.connect(PoolingHttpClientConnectionManager.java:373)
at org.apache.http.impl.execchain.MainClientExec.establishRoute(MainClientExec.java:394)
at org.apache.http.impl.execchain.MainClientExec.execute(MainClientExec.java:237)
at org.apache.http.impl.execchain.ProtocolExec.execute(ProtocolExec.java:185)
at org.apache.http.impl.execchain.RetryExec.execute(RetryExec.java:89)
at org.apache.http.impl.execchain.RedirectExec.execute(RedirectExec.java:110)
at org.apache.http.impl.client.InternalHttpClient.doExecute(InternalHttpClient.java:185)
at org.apache.http.impl.client.CloseableHttpClient.execute(CloseableHttpClient.java:83)
at org.apache.http.impl.client.CloseableHttpClient.execute(CloseableHttpClient.java:108)
at io.github.bonigarcia.wdm.HttpClient.execute(HttpClient.java:169)
at io.github.bonigarcia.wdm.WebDriverManager.getDriversFromXml(WebDriverManager.java:1045)
at io.github.bonigarcia.wdm.InternetExplorerDriverManager.getDrivers(InternetExplorerDriverManager.java:77)
at io.github.bonigarcia.wdm.WebDriverManager.filterCandidateUrls(WebDriverManager.java:770)
at io.github.bonigarcia.wdm.WebDriverManager.manage(WebDriverManager.java:549)
... 23 more
... Removed 15 stack frames]]>
    </failure>
  </testcase> <!-- @BeforeTest multiBrowserSetup -->
  <testcase name="@AfterTest tearDown" time="-1.580409451407E9" classname="com.maventestjenkins.ParallelExecutionMultiBrowserTwo">
    <skipped/>
  </testcase> <!-- @AfterTest tearDown -->
  <testcase name="multiBrowserDemo" time="0.0" classname="com.maventestjenkins.ParallelExecutionMultiBrowserTwo">
    <skipped/>
  </testcase> <!-- multiBrowserDemo -->
</testsuite> <!-- IETest(failed) -->
