<?xml version="1.0" encoding="UTF-8"?>
<!-- Generated by org.testng.reporters.JUnitXMLReporter -->
<testsuite hostname="Deepak-PC" ignored="0" name="FirefoxTest" tests="2" failures="0" timestamp="2020-02-12T21:16:38 IST" time="15.638" errors="0">
  <testcase name="multiBrowserDemo" time="3.563" classname="com.maventestjenkins.ParallelExecutionMultiBrowserTwo"/>
  <testcase name="multiBrowserDemo" time="3.528" classname="com.maventestjenkins.ParallelExecutionMultiBrowserTwo"/>
</testsuite> <!-- FirefoxTest -->
