<?xml version="1.0" encoding="UTF-8"?>
<testng-results skipped="0" failed="0" ignored="0" total="1" passed="1">
  <reporter-output>
  </reporter-output>
  <suite name="Test suite" duration-ms="53" started-at="2020-02-12T21:39:04 IST" finished-at="2020-02-12T21:39:04 IST">
    <groups>
    </groups>
    <test name="Sample Test" duration-ms="53" started-at="2020-02-12T21:39:04 IST" finished-at="2020-02-12T21:39:04 IST">
      <class name="testngannotationsequence.AnnotationsTest">
        <test-method status="PASS" signature="beforeClass()[pri:0, instance:testngannotationsequence.AnnotationsTest@13805618]" name="beforeClass" is-config="true" duration-ms="20" started-at="2020-02-12T21:39:04 IST" finished-at="2020-02-12T21:39:04 IST">
          <reporter-output>
          </reporter-output>
        </test-method> <!-- beforeClass -->
        <test-method status="PASS" signature="beforeMethod()[pri:0, instance:testngannotationsequence.AnnotationsTest@13805618]" name="beforeMethod" is-config="true" duration-ms="0" started-at="2020-02-12T21:39:04 IST" finished-at="2020-02-12T21:39:04 IST">
          <reporter-output>
          </reporter-output>
        </test-method> <!-- beforeMethod -->
        <test-method status="PASS" signature="first()[pri:0, instance:testngannotationsequence.AnnotationsTest@13805618]" name="first" duration-ms="1" started-at="2020-02-12T21:39:04 IST" finished-at="2020-02-12T21:39:04 IST">
          <reporter-output>
          </reporter-output>
        </test-method> <!-- first -->
        <test-method status="PASS" signature="AfterMethod()[pri:0, instance:testngannotationsequence.AnnotationsTest@13805618]" name="AfterMethod" is-config="true" duration-ms="0" started-at="2020-02-12T21:39:04 IST" finished-at="2020-02-12T21:39:04 IST">
          <reporter-output>
          </reporter-output>
        </test-method> <!-- AfterMethod -->
        <test-method status="PASS" signature="afterClass()[pri:0, instance:testngannotationsequence.AnnotationsTest@13805618]" name="afterClass" is-config="true" duration-ms="0" started-at="2020-02-12T21:39:04 IST" finished-at="2020-02-12T21:39:04 IST">
          <reporter-output>
          </reporter-output>
        </test-method> <!-- afterClass -->
        <test-method status="PASS" signature="afterTest()[pri:0, instance:testngannotationsequence.AnnotationsTest@13805618]" name="afterTest" is-config="true" duration-ms="0" started-at="2020-02-12T21:39:04 IST" finished-at="2020-02-12T21:39:04 IST">
          <reporter-output>
          </reporter-output>
        </test-method> <!-- afterTest -->
        <test-method status="PASS" signature="afterSuite()[pri:0, instance:testngannotationsequence.AnnotationsTest@13805618]" name="afterSuite" is-config="true" duration-ms="0" started-at="2020-02-12T21:39:04 IST" finished-at="2020-02-12T21:39:04 IST">
          <reporter-output>
          </reporter-output>
        </test-method> <!-- afterSuite -->
      </class> <!-- testngannotationsequence.AnnotationsTest -->
    </test> <!-- Sample Test -->
  </suite> <!-- Test suite -->
</testng-results>
